<?xml version="1.0" encoding="UTF-8"?>
<!-- Generated by org.testng.reporters.JUnitReportReporter -->
<testsuite skipped="0" hostname="DESKTOP-7M67OUT" name="gocardTask.TestRegistrationwithbefore" tests="2" failures="0" timestamp="2020-07-04T02:32:58 EET" time="6.780" errors="0">
  <testcase name="TestregistrationWithvalidinput" time="3.444" classname="gocardTask.TestRegistrationwithbefore"/>
  <system-out/>
  <testcase name="zTestregistrationWithemailalreadyexist" time="3.336" classname="gocardTask.TestRegistrationwithbefore"/>
  <system-out/>
</testsuite> <!-- gocardTask.TestRegistrationwithbefore -->
